#
# There is insufficient memory for the Java Runtime Environment to continue.
# Native memory allocation (malloc) failed to allocate 1068272 bytes for Chunk::new
# Possible reasons:
#   The system is out of physical RAM or swap space
#   In 32 bit mode, the process size limit was hit
# Possible solutions:
#   Reduce memory load on the system
#   Increase physical memory or swap space
#   Check if swap backing store is full
#   Use 64 bit Java on a 64 bit OS
#   Decrease Java heap size (-Xmx/-Xms)
#   Decrease number of Java threads
#   Decrease Java thread stack sizes (-Xss)
#   Set larger code cache with -XX:ReservedCodeCacheSize=
# This output file may be truncated or incomplete.
#
#  Out of Memory Error (allocation.cpp:390), pid=21244, tid=0x00000000000027f8
#
# JRE version: OpenJDK Runtime Environment (8.0_152-b01) (build 1.8.0_152-release-1248-b01)
# Java VM: OpenJDK 64-Bit Server VM (25.152-b01 mixed mode windows-amd64 compressed oops)
# Failed to write core dump. Minidumps are not enabled by default on client versions of Windows
#

---------------  T H R E A D  ---------------

Current thread (0x0000000016c70800):  JavaThread "C2 CompilerThread1" daemon [_thread_in_native, id=10232, stack(0x00000000183c0000,0x00000000184c0000)]

Stack: [0x00000000183c0000,0x00000000184c0000]
[error occurred during error reporting (printing stack bounds), id 0xc0000005]

Native frames: (J=compiled Java code, j=interpreted, Vv=VM code, C=native code)


Current CompileTask:
C2:   7210 6532   !   4       java.io.ObjectOutputStream::writeObject0 (619 bytes)


---------------  P R O C E S S  ---------------

Java Threads: ( => current thread )
  0x000000001cfa4800 JavaThread "Cache worker for Build Output Cleanup Cache (C:\Users\Sam\Documents\GitHub\FYPApp\.gradle\buildOutputCleanup)" [_thread_blocked, id=20208, stack(0x0000000024060000,0x0000000024160000)]
  0x000000001cfa4000 JavaThread "Cache worker for task history cache (C:\Users\Sam\Documents\GitHub\FYPApp\.gradle\4.10.1\taskHistory)" [_thread_blocked, id=244, stack(0x0000000023f60000,0x0000000024060000)]
  0x000000001cf9b000 JavaThread "Task worker for ':' Thread 3" [_thread_in_Java, id=1380, stack(0x0000000023e60000,0x0000000023f60000)]
  0x000000001cf9e000 JavaThread "Task worker for ':' Thread 2" [_thread_blocked, id=3936, stack(0x0000000023b00000,0x0000000023c00000)]
  0x000000001cf9d000 JavaThread "Task worker for ':'" [_thread_blocked, id=8824, stack(0x0000000023a00000,0x0000000023b00000)]
  0x000000001cfa1800 JavaThread "Cache worker for file content cache (C:\Users\Sam\Documents\GitHub\FYPApp\.gradle\4.10.1\fileContent)" [_thread_blocked, id=4468, stack(0x0000000023900000,0x0000000023a00000)]
  0x000000001cf9c800 JavaThread "Cache worker for file content cache (C:\Users\Sam\.gradle\caches\4.10.1\fileContent)" [_thread_blocked, id=19204, stack(0x0000000023800000,0x0000000023900000)]
  0x000000001cf9b800 JavaThread "Memory manager" [_thread_blocked, id=20000, stack(0x0000000022860000,0x0000000022960000)]
  0x000000001cf99800 JavaThread "pool-1-thread-1" [_thread_blocked, id=9224, stack(0x0000000021f40000,0x0000000022040000)]
  0x000000001cfa0000 JavaThread "Build operations Thread 4" [_thread_blocked, id=8204, stack(0x0000000021e40000,0x0000000021f40000)]
  0x000000001cf9f800 JavaThread "Build operations Thread 3" [_thread_blocked, id=12484, stack(0x0000000021d40000,0x0000000021e40000)]
  0x000000001bc0e800 JavaThread "Build operations Thread 2" [_thread_blocked, id=21048, stack(0x0000000021c40000,0x0000000021d40000)]
  0x000000001bc0d800 JavaThread "Build operations" [_thread_blocked, id=5008, stack(0x0000000021b40000,0x0000000021c40000)]
  0x000000001bc0d000 JavaThread "Cache worker for Artifact transforms cache (C:\Users\Sam\.gradle\caches\transforms-1)" [_thread_blocked, id=14460, stack(0x00000000205d0000,0x00000000206d0000)]
  0x000000001bc10800 JavaThread "Cache worker for cache directory md-rule (C:\Users\Sam\.gradle\caches\4.10.1\md-rule)" [_thread_blocked, id=18056, stack(0x00000000204d0000,0x00000000205d0000)]
  0x000000001bc0f000 JavaThread "Cache worker for cache directory md-supplier (C:\Users\Sam\.gradle\caches\4.10.1\md-supplier)" [_thread_blocked, id=1336, stack(0x000000001ef80000,0x000000001f080000)]
  0x000000001bc0c000 JavaThread "Cache worker for journal cache (C:\Users\Sam\.gradle\caches\journal-1)" [_thread_blocked, id=5696, stack(0x000000001e880000,0x000000001e980000)]
  0x000000001bc12800 JavaThread "Cache worker for file hash cache (C:\Users\Sam\Documents\GitHub\FYPApp\.gradle\4.10.1\fileHashes)" [_thread_in_Java, id=11812, stack(0x000000001d7b0000,0x000000001d8b0000)]
  0x000000001c37c000 JavaThread "File lock request listener" [_thread_in_native, id=14528, stack(0x000000001d6b0000,0x000000001d7b0000)]
  0x000000001c1f9000 JavaThread "Cache worker for file hash cache (C:\Users\Sam\.gradle\caches\4.10.1\fileHashes)" [_thread_blocked, id=21380, stack(0x000000001d5b0000,0x000000001d6b0000)]
  0x0000000019d10000 JavaThread "Stdin handler" [_thread_blocked, id=4736, stack(0x000000001b310000,0x000000001b410000)]
  0x0000000019cca000 JavaThread "Asynchronous log dispatcher for DefaultDaemonConnection: socket connection from /127.0.0.1:52100 to /127.0.0.1:52101" [_thread_blocked, id=13860, stack(0x000000001b210000,0x000000001b310000)]
  0x0000000019cc9000 JavaThread "Daemon worker" [_thread_blocked, id=12712, stack(0x000000001af10000,0x000000001b010000)]
  0x0000000019cd1800 JavaThread "Cancel handler" [_thread_blocked, id=2340, stack(0x000000001ae10000,0x000000001af10000)]
  0x0000000019c6a800 JavaThread "Handler for socket connection from /127.0.0.1:52100 to /127.0.0.1:52101" [_thread_in_native, id=10236, stack(0x000000001ad10000,0x000000001ae10000)]
  0x0000000019c67800 JavaThread "Daemon" [_thread_blocked, id=4632, stack(0x000000001ac10000,0x000000001ad10000)]
  0x0000000019b33000 JavaThread "Daemon periodic checks" [_thread_blocked, id=19832, stack(0x000000001ab10000,0x000000001ac10000)]
  0x0000000019b0d000 JavaThread "Incoming local TCP Connector on port 52100" [_thread_in_native, id=13664, stack(0x000000001a8d0000,0x000000001a9d0000)]
  0x0000000016ccd000 JavaThread "Service Thread" daemon [_thread_blocked, id=20196, stack(0x00000000189c0000,0x0000000018ac0000)]
  0x0000000016c77800 JavaThread "C1 CompilerThread2" daemon [_thread_blocked, id=8424, stack(0x00000000184c0000,0x00000000185c0000)]
=>0x0000000016c70800 JavaThread "C2 CompilerThread1" daemon [_thread_in_native, id=10232, stack(0x00000000183c0000,0x00000000184c0000)]
  0x0000000016c6d800 JavaThread "C2 CompilerThread0" daemon [_thread_in_native, id=8316, stack(0x00000000182c0000,0x00000000183c0000)]
  0x0000000016c6c800 JavaThread "Attach Listener" daemon [_thread_blocked, id=9168, stack(0x00000000181c0000,0x00000000182c0000)]
  0x0000000016c6b800 JavaThread "Signal Dispatcher" daemon [_thread_blocked, id=17996, stack(0x00000000180c0000,0x00000000181c0000)]
  0x00000000032fd800 JavaThread "Finalizer" daemon [_thread_blocked, id=11848, stack(0x0000000017ed0000,0x0000000017fd0000)]
  0x00000000032f2800 JavaThread "Reference Handler" daemon [_thread_blocked, id=4296, stack(0x0000000017dd0000,0x0000000017ed0000)]
  0x00000000031fe000 JavaThread "main" [_thread_blocked, id=3140, stack(0x00000000030a0000,0x00000000031a0000)]

Other Threads:
  0x0000000016c37000 VMThread [stack: 0x0000000017cd0000,0x0000000017dd0000] [id=18000]
  0x0000000016cce800 WatcherThread [stack: 0x0000000018ac0000,0x0000000018bc0000] [id=8036]

VM state:not at safepoint (normal execution)

VM Mutex/Monitor currently owned by a thread: None

Heap:
 PSYoungGen      total 223744K, used 81358K [0x00000000e0000000, 0x00000000f1580000, 0x0000000100000000)
  eden space 199680K, 40% used [0x00000000e0000000,0x00000000e4f739f8,0x00000000ec300000)
  from space 24064K, 0% used [0x00000000edb80000,0x00000000edb80000,0x00000000ef300000)
  to   space 25088K, 0% used [0x00000000ec300000,0x00000000ec300000,0x00000000edb80000)
 ParOldGen       total 242176K, used 31802K [0x00000000a0000000, 0x00000000aec80000, 0x00000000e0000000)
  object space 242176K, 13% used [0x00000000a0000000,0x00000000a1f0ea70,0x00000000aec80000)
 Metaspace       used 59306K, capacity 60912K, committed 61096K, reserved 1101824K
  class space    used 8105K, capacity 8547K, committed 8624K, reserved 1048576K

Card table byte_map: [0x00000000126c0000,0x00000000129d0000] byte_map_base: 0x00000000121c0000

Marking Bits: (ParMarkBitMap*) 0x0000000063345aa0
 Begin Bits: [0x0000000012fd0000, 0x00000000147d0000)
 End Bits:   [0x00000000147d0000, 0x0000000015fd0000)

Polling page: 0x0000000001410000

CodeCache: size=245760Kb used=19289Kb max_used=19483Kb free=226470Kb
 bounds [0x0000000003300000, 0x0000000004640000, 0x0000000012300000]
 total_blobs=6711 nmethods=5926 adapters=698
 compilation: enabled

Compilation events (10 events):
Event: 7.187 Thread 0x0000000016c77800 6708       3       com.google.common.collect.ByFunctionOrdering::compare (28 bytes)
Event: 7.187 Thread 0x0000000016c77800 nmethod 6708 0x0000000003f73450 code [0x0000000003f735e0, 0x0000000003f739a8]
Event: 7.189 Thread 0x0000000016c77800 6709       3       org.gradle.internal.fingerprint.impl.IgnoredPathFingerprint::create (64 bytes)
Event: 7.189 Thread 0x0000000016c77800 nmethod 6709 0x0000000004491210 code [0x00000000044913a0, 0x00000000044917e8]
Event: 7.190 Thread 0x0000000016c77800 6710       3       org.gradle.internal.fingerprint.impl.DefaultCurrentFileCollectionFingerprint$1::visit (21 bytes)
Event: 7.190 Thread 0x0000000016c77800 nmethod 6710 0x0000000004490b90 code [0x0000000004490d20, 0x00000000044910d8]
Event: 7.190 Thread 0x0000000016c77800 6711       3       org.gradle.internal.typeconversion.NotationParserBuilder::typeDisplayName (7 bytes)
Event: 7.190 Thread 0x0000000016c77800 nmethod 6711 0x0000000003f73110 code [0x0000000003f73260, 0x0000000003f733d0]
Event: 7.190 Thread 0x0000000016c77800 6712       3       org.gradle.internal.typeconversion.NotationParserBuilder::noImplicitConverters (7 bytes)
Event: 7.190 Thread 0x0000000016c77800 nmethod 6712 0x0000000004490850 code [0x00000000044909a0, 0x0000000004490af0]

GC Heap History (10 events):
Event: 3.646 GC heap before
{Heap before GC invocations=7 (full 2):
 PSYoungGen      total 138240K, used 10735K [0x00000000e0000000, 0x00000000ead00000, 0x0000000100000000)
  eden space 127488K, 0% used [0x00000000e0000000,0x00000000e0000000,0x00000000e7c80000)
  from space 10752K, 99% used [0x00000000e7c80000,0x00000000e86fbcf8,0x00000000e8700000)
  to   space 14336K, 0% used [0x00000000e9f00000,0x00000000e9f00000,0x00000000ead00000)
 ParOldGen       total 109056K, used 12131K [0x00000000a0000000, 0x00000000a6a80000, 0x00000000e0000000)
  object space 109056K, 11% used [0x00000000a0000000,0x00000000a0bd8ca0,0x00000000a6a80000)
 Metaspace       used 34882K, capacity 35392K, committed 35496K, reserved 1079296K
  class space    used 4807K, capacity 5025K, committed 5040K, reserved 1048576K
Event: 3.683 GC heap after
Heap after GC invocations=7 (full 2):
 PSYoungGen      total 138240K, used 0K [0x00000000e0000000, 0x00000000ead00000, 0x0000000100000000)
  eden space 127488K, 0% used [0x00000000e0000000,0x00000000e0000000,0x00000000e7c80000)
  from space 10752K, 0% used [0x00000000e7c80000,0x00000000e7c80000,0x00000000e8700000)
  to   space 14336K, 0% used [0x00000000e9f00000,0x00000000e9f00000,0x00000000ead00000)
 ParOldGen       total 181248K, used 19473K [0x00000000a0000000, 0x00000000ab100000, 0x00000000e0000000)
  object space 181248K, 10% used [0x00000000a0000000,0x00000000a1304510,0x00000000ab100000)
 Metaspace       used 34882K, capacity 35392K, committed 35496K, reserved 1079296K
  class space    used 4807K, capacity 5025K, committed 5040K, reserved 1048576K
}
Event: 4.592 GC heap before
{Heap before GC invocations=8 (full 2):
 PSYoungGen      total 138240K, used 127488K [0x00000000e0000000, 0x00000000ead00000, 0x0000000100000000)
  eden space 127488K, 100% used [0x00000000e0000000,0x00000000e7c80000,0x00000000e7c80000)
  from space 10752K, 0% used [0x00000000e7c80000,0x00000000e7c80000,0x00000000e8700000)
  to   space 14336K, 0% used [0x00000000e9f00000,0x00000000e9f00000,0x00000000ead00000)
 ParOldGen       total 181248K, used 19473K [0x00000000a0000000, 0x00000000ab100000, 0x00000000e0000000)
  object space 181248K, 10% used [0x00000000a0000000,0x00000000a1304510,0x00000000ab100000)
 Metaspace       used 44993K, capacity 45830K, committed 46248K, reserved 1089536K
  class space    used 6166K, capacity 6463K, committed 6576K, reserved 1048576K
Event: 4.602 GC heap after
Heap after GC invocations=8 (full 2):
 PSYoungGen      total 159232K, used 14334K [0x00000000e0000000, 0x00000000ece00000, 0x0000000100000000)
  eden space 144896K, 0% used [0x00000000e0000000,0x00000000e0000000,0x00000000e8d80000)
  from space 14336K, 99% used [0x00000000e9f00000,0x00000000eacffb10,0x00000000ead00000)
  to   space 17920K, 0% used [0x00000000e8d80000,0x00000000e8d80000,0x00000000e9f00000)
 ParOldGen       total 181248K, used 22146K [0x00000000a0000000, 0x00000000ab100000, 0x00000000e0000000)
  object space 181248K, 12% used [0x00000000a0000000,0x00000000a15a0b48,0x00000000ab100000)
 Metaspace       used 44993K, capacity 45830K, committed 46248K, reserved 1089536K
  class space    used 6166K, capacity 6463K, committed 6576K, reserved 1048576K
}
Event: 6.146 GC heap before
{Heap before GC invocations=9 (full 2):
 PSYoungGen      total 159232K, used 159230K [0x00000000e0000000, 0x00000000ece00000, 0x0000000100000000)
  eden space 144896K, 100% used [0x00000000e0000000,0x00000000e8d80000,0x00000000e8d80000)
  from space 14336K, 99% used [0x00000000e9f00000,0x00000000eacffb10,0x00000000ead00000)
  to   space 17920K, 0% used [0x00000000e8d80000,0x00000000e8d80000,0x00000000e9f00000)
 ParOldGen       total 181248K, used 22146K [0x00000000a0000000, 0x00000000ab100000, 0x00000000e0000000)
  object space 181248K, 12% used [0x00000000a0000000,0x00000000a15a0b48,0x00000000ab100000)
 Metaspace       used 56471K, capacity 57936K, committed 58152K, reserved 1099776K
  class space    used 7735K, capacity 8161K, committed 8240K, reserved 1048576K
Event: 6.168 GC heap after
Heap after GC invocations=9 (full 2):
 PSYoungGen      total 162816K, used 17913K [0x00000000e0000000, 0x00000000ef300000, 0x0000000100000000)
  eden space 144896K, 0% used [0x00000000e0000000,0x00000000e0000000,0x00000000e8d80000)
  from space 17920K, 99% used [0x00000000e8d80000,0x00000000e9efe6e8,0x00000000e9f00000)
  to   space 24064K, 0% used [0x00000000edb80000,0x00000000edb80000,0x00000000ef300000)
 ParOldGen       total 181248K, used 29012K [0x00000000a0000000, 0x00000000ab100000, 0x00000000e0000000)
  object space 181248K, 16% used [0x00000000a0000000,0x00000000a1c55198,0x00000000ab100000)
 Metaspace       used 56471K, capacity 57936K, committed 58152K, reserved 1099776K
  class space    used 7735K, capacity 8161K, committed 8240K, reserved 1048576K
}
Event: 6.311 GC heap before
{Heap before GC invocations=10 (full 2):
 PSYoungGen      total 162816K, used 36915K [0x00000000e0000000, 0x00000000ef300000, 0x0000000100000000)
  eden space 144896K, 13% used [0x00000000e0000000,0x00000000e128e910,0x00000000e8d80000)
  from space 17920K, 99% used [0x00000000e8d80000,0x00000000e9efe6e8,0x00000000e9f00000)
  to   space 24064K, 0% used [0x00000000edb80000,0x00000000edb80000,0x00000000ef300000)
 ParOldGen       total 181248K, used 29012K [0x00000000a0000000, 0x00000000ab100000, 0x00000000e0000000)
  object space 181248K, 16% used [0x00000000a0000000,0x00000000a1c55198,0x00000000ab100000)
 Metaspace       used 57569K, capacity 59112K, committed 59160K, reserved 1099776K
  class space    used 7910K, capacity 8367K, committed 8368K, reserved 1048576K
Event: 6.325 GC heap after
Heap after GC invocations=10 (full 2):
 PSYoungGen      total 223744K, used 18445K [0x00000000e0000000, 0x00000000f1580000, 0x0000000100000000)
  eden space 199680K, 0% used [0x00000000e0000000,0x00000000e0000000,0x00000000ec300000)
  from space 24064K, 76% used [0x00000000edb80000,0x00000000eed837b8,0x00000000ef300000)
  to   space 25088K, 0% used [0x00000000ec300000,0x00000000ec300000,0x00000000edb80000)
 ParOldGen       total 181248K, used 29084K [0x00000000a0000000, 0x00000000ab100000, 0x00000000e0000000)
  object space 181248K, 16% used [0x00000000a0000000,0x00000000a1c671a8,0x00000000ab100000)
 Metaspace       used 57569K, capacity 59112K, committed 59160K, reserved 1099776K
  class space    used 7910K, capacity 8367K, committed 8368K, reserved 1048576K
}
Event: 6.325 GC heap before
{Heap before GC invocations=11 (full 3):
 PSYoungGen      total 223744K, used 18445K [0x00000000e0000000, 0x00000000f1580000, 0x0000000100000000)
  eden space 199680K, 0% used [0x00000000e0000000,0x00000000e0000000,0x00000000ec300000)
  from space 24064K, 76% used [0x00000000edb80000,0x00000000eed837b8,0x00000000ef300000)
  to   space 25088K, 0% used [0x00000000ec300000,0x00000000ec300000,0x00000000edb80000)
 ParOldGen       total 181248K, used 29084K [0x00000000a0000000, 0x00000000ab100000, 0x00000000e0000000)
  object space 181248K, 16% used [0x00000000a0000000,0x00000000a1c671a8,0x00000000ab100000)
 Metaspace       used 57569K, capacity 59112K, committed 59160K, reserved 1099776K
  class space    used 7910K, capacity 8367K, committed 8368K, reserved 1048576K
Event: 6.435 GC heap after
Heap after GC invocations=11 (full 3):
 PSYoungGen      total 223744K, used 0K [0x00000000e0000000, 0x00000000f1580000, 0x0000000100000000)
  eden space 199680K, 0% used [0x00000000e0000000,0x00000000e0000000,0x00000000ec300000)
  from space 24064K, 0% used [0x00000000edb80000,0x00000000edb80000,0x00000000ef300000)
  to   space 25088K, 0% used [0x00000000ec300000,0x00000000ec300000,0x00000000edb80000)
 ParOldGen       total 242176K, used 31802K [0x00000000a0000000, 0x00000000aec80000, 0x00000000e0000000)
  object space 242176K, 13% used [0x00000000a0000000,0x00000000a1f0ea70,0x00000000aec80000)
 Metaspace       used 57569K, capacity 59112K, committed 59160K, reserved 1099776K
  class space    used 7910K, capacity 8367K, committed 8368K, reserved 1048576K
}

Deoptimization events (10 events):
Event: 6.909 Thread 0x0000000019cc9000 Uncommon trap: reason=class_check action=maybe_recompile pc=0x000000000418d04c method=java.lang.AbstractStringBuilder.append(Ljava/lang/CharSequence;)Ljava/lang/AbstractStringBuilder; @ 26
Event: 6.910 Thread 0x0000000019cc9000 Uncommon trap: reason=class_check action=maybe_recompile pc=0x00000000038aa910 method=java.lang.AbstractStringBuilder.append(Ljava/lang/CharSequence;II)Ljava/lang/AbstractStringBuilder; @ 18
Event: 6.932 Thread 0x000000001cfa0000 Uncommon trap: reason=unstable_if action=reinterpret pc=0x0000000003b86df4 method=java.util.concurrent.ConcurrentLinkedQueue.poll()Ljava/lang/Object; @ 25
Event: 6.960 Thread 0x000000001cf9b000 Uncommon trap: reason=class_check action=maybe_recompile pc=0x0000000004004fc4 method=java.io.ObjectOutputStream$BlockDataOutputStream.drain()V @ 36
Event: 6.962 Thread 0x000000001cf9b000 Uncommon trap: reason=class_check action=maybe_recompile pc=0x000000000461be10 method=java.io.ObjectOutputStream$BlockDataOutputStream.drain()V @ 36
Event: 6.962 Thread 0x000000001cf9b000 Uncommon trap: reason=class_check action=maybe_recompile pc=0x0000000004004fc4 method=java.io.ObjectOutputStream$BlockDataOutputStream.drain()V @ 36
Event: 6.962 Thread 0x000000001cf9b000 Uncommon trap: reason=class_check action=maybe_recompile pc=0x000000000392dd0c method=java.io.ObjectOutputStream$BlockDataOutputStream.drain()V @ 36
Event: 6.962 Thread 0x000000001cf9b000 Uncommon trap: reason=class_check action=maybe_recompile pc=0x000000000461be10 method=java.io.ObjectOutputStream$BlockDataOutputStream.drain()V @ 36
Event: 6.963 Thread 0x000000001cf9b000 Uncommon trap: reason=class_check action=maybe_recompile pc=0x0000000004004fc4 method=java.io.ObjectOutputStream$BlockDataOutputStream.drain()V @ 36
Event: 7.120 Thread 0x000000001cf9b000 Uncommon trap: reason=class_check action=maybe_recompile pc=0x0000000003eca9c8 method=java.io.ObjectOutputStream$BlockDataOutputStream.drain()V @ 36

Classes redefined (0 events):
No events

Internal exceptions (10 events):
Event: 6.457 Thread 0x0000000019cc9000 Exception <a 'java/lang/NoSuchMethodError': <clinit>> (0x00000000e0240030) thrown at [D:\src\AOSP-openjdk-cygwin\jdk8u\hotspot\src\share\vm\prims\jni.cpp, line 1613]
Event: 6.474 Thread 0x0000000019cc9000 Exception <a 'java/lang/NoSuchMethodError': <clinit>> (0x00000000e0520658) thrown at [D:\src\AOSP-openjdk-cygwin\jdk8u\hotspot\src\share\vm\prims\jni.cpp, line 1613]
Event: 6.475 Thread 0x0000000019cc9000 Exception <a 'java/lang/NoSuchMethodError': <clinit>> (0x00000000e05393b0) thrown at [D:\src\AOSP-openjdk-cygwin\jdk8u\hotspot\src\share\vm\prims\jni.cpp, line 1613]
Event: 6.475 Thread 0x0000000019cc9000 Exception <a 'java/lang/NoSuchMethodError': <clinit>> (0x00000000e053b218) thrown at [D:\src\AOSP-openjdk-cygwin\jdk8u\hotspot\src\share\vm\prims\jni.cpp, line 1613]
Event: 6.622 Thread 0x000000001cf9f800 Implicit null exception at 0x000000000358739d to 0x0000000003587509
Event: 6.861 Thread 0x0000000019cc9000 Exception <a 'java/lang/NoSuchMethodError': <clinit>> (0x00000000e1cd01f8) thrown at [D:\src\AOSP-openjdk-cygwin\jdk8u\hotspot\src\share\vm\prims\jni.cpp, line 1613]
Event: 6.961 Thread 0x000000001cf9b000 Exception <a 'java/lang/NoSuchMethodError': <clinit>> (0x00000000e35d96c8) thrown at [D:\src\AOSP-openjdk-cygwin\jdk8u\hotspot\src\share\vm\prims\jni.cpp, line 1613]
Event: 6.962 Thread 0x000000001cf9b000 Exception <a 'java/lang/NoSuchMethodError': <clinit>> (0x00000000e35e3200) thrown at [D:\src\AOSP-openjdk-cygwin\jdk8u\hotspot\src\share\vm\prims\jni.cpp, line 1613]
Event: 6.963 Thread 0x000000001cf9b000 Exception <a 'java/lang/NoSuchMethodError': <clinit>> (0x00000000e35f94a8) thrown at [D:\src\AOSP-openjdk-cygwin\jdk8u\hotspot\src\share\vm\prims\jni.cpp, line 1613]
Event: 6.964 Thread 0x000000001cf9b000 Exception <a 'java/lang/NoSuchMethodError': <clinit>> (0x00000000e3604178) thrown at [D:\src\AOSP-openjdk-cygwin\jdk8u\hotspot\src\share\vm\prims\jni.cpp, line 1613]

Events (10 events):
Event: 7.183 loading class org/gradle/api/internal/file/AbstractFileTree$2
Event: 7.183 loading class org/gradle/api/internal/file/AbstractFileTree$2 done
Event: 7.183 loading class org/gradle/api/tasks/util/internal/CachingPatternSpecFactory$SpecKey
Event: 7.183 loading class org/gradle/api/tasks/util/internal/CachingPatternSpecFactory$SpecKey done
Event: 7.183 loading class org/gradle/api/tasks/util/internal/CachingPatternSpecFactory$1
Event: 7.183 loading class org/gradle/api/tasks/util/internal/CachingPatternSpecFactory$1 done
Event: 7.183 loading class org/gradle/api/tasks/util/internal/CachingPatternSpecFactory$CachingSpec
Event: 7.183 loading class org/gradle/api/tasks/util/internal/CachingPatternSpecFactory$CachingSpec done
Event: 7.185 loading class org/gradle/api/tasks/util/internal/CachingPatternSpecFactory$CachingSpec$1
Event: 7.185 loading class org/gradle/api/tasks/util/internal/CachingPatternSpecFactory$CachingSpec$1 done


Dynamic libraries:
0x00007ff7d06c0000 - 0x00007ff7d06f1000 	C:\Program Files\Android\Android Studio\jre\bin\java.exe
0x00007fffc5420000 - 0x00007fffc5601000 	C:\WINDOWS\SYSTEM32\ntdll.dll
0x00007fffc4280000 - 0x00007fffc4332000 	C:\WINDOWS\System32\KERNEL32.DLL
0x00007fffc2290000 - 0x00007fffc2503000 	C:\WINDOWS\System32\KERNELBASE.dll
0x00007fffc3fd0000 - 0x00007fffc4071000 	C:\WINDOWS\System32\ADVAPI32.dll
0x00007fffc51b0000 - 0x00007fffc524e000 	C:\WINDOWS\System32\msvcrt.dll
0x00007fffc4e00000 - 0x00007fffc4e5b000 	C:\WINDOWS\System32\sechost.dll
0x00007fffc4880000 - 0x00007fffc49a4000 	C:\WINDOWS\System32\RPCRT4.dll
0x00007fffc45c0000 - 0x00007fffc4750000 	C:\WINDOWS\System32\USER32.dll
0x00007fffc1ae0000 - 0x00007fffc1b00000 	C:\WINDOWS\System32\win32u.dll
0x00007fffc28f0000 - 0x00007fffc2918000 	C:\WINDOWS\System32\GDI32.dll
0x00007fffc2510000 - 0x00007fffc26a2000 	C:\WINDOWS\System32\gdi32full.dll
0x00007fffc2810000 - 0x00007fffc28af000 	C:\WINDOWS\System32\msvcp_win.dll
0x00007fffc2710000 - 0x00007fffc2808000 	C:\WINDOWS\System32\ucrtbase.dll
0x00007fffb6c80000 - 0x00007fffb6ee9000 	C:\WINDOWS\WinSxS\amd64_microsoft.windows.common-controls_6595b64144ccf1df_6.0.17134.648_none_fb45a0e93062a6d2\COMCTL32.dll
0x00007fffc4e60000 - 0x00007fffc5182000 	C:\WINDOWS\System32\combase.dll
0x00007fffc2210000 - 0x00007fffc228a000 	C:\WINDOWS\System32\bcryptPrimitives.dll
0x00007fffc28b0000 - 0x00007fffc28dd000 	C:\WINDOWS\System32\IMM32.DLL
0x0000000062870000 - 0x0000000062942000 	C:\Program Files\Android\Android Studio\jre\jre\bin\msvcr100.dll
0x0000000062b80000 - 0x00000000633c1000 	C:\Program Files\Android\Android Studio\jre\jre\bin\server\jvm.dll
0x00007fffc44a0000 - 0x00007fffc44a8000 	C:\WINDOWS\System32\PSAPI.DLL
0x00007fffbf3f0000 - 0x00007fffbf413000 	C:\WINDOWS\SYSTEM32\WINMM.dll
0x00007fff9e3f0000 - 0x00007fff9e3f9000 	C:\WINDOWS\SYSTEM32\WSOCK32.dll
0x00007fffc3f60000 - 0x00007fffc3fcc000 	C:\WINDOWS\System32\WS2_32.dll
0x00007fffbefa0000 - 0x00007fffbefca000 	C:\WINDOWS\SYSTEM32\WINMMBASE.dll
0x00007fffc18a0000 - 0x00007fffc18e9000 	C:\WINDOWS\System32\cfgmgr32.dll
0x00007fffbc180000 - 0x00007fffbc18a000 	C:\WINDOWS\SYSTEM32\VERSION.dll
0x00007fffbe200000 - 0x00007fffbe20f000 	C:\Program Files\Android\Android Studio\jre\jre\bin\verify.dll
0x00007fffbda80000 - 0x00007fffbdaa9000 	C:\Program Files\Android\Android Studio\jre\jre\bin\java.dll
0x00007fffbda60000 - 0x00007fffbda76000 	C:\Program Files\Android\Android Studio\jre\jre\bin\zip.dll
0x00007fffc2980000 - 0x00007fffc3dc0000 	C:\WINDOWS\System32\SHELL32.dll
0x00007fffc4510000 - 0x00007fffc45b9000 	C:\WINDOWS\System32\shcore.dll
0x00007fffc1b00000 - 0x00007fffc220d000 	C:\WINDOWS\System32\windows.storage.dll
0x00007fffc4750000 - 0x00007fffc47a1000 	C:\WINDOWS\System32\shlwapi.dll
0x00007fffc1790000 - 0x00007fffc17a1000 	C:\WINDOWS\System32\kernel.appcore.dll
0x00007fffc17b0000 - 0x00007fffc17cf000 	C:\WINDOWS\System32\profapi.dll
0x00007fffc1740000 - 0x00007fffc178c000 	C:\WINDOWS\System32\powrprof.dll
0x00007fffc1730000 - 0x00007fffc173a000 	C:\WINDOWS\System32\FLTLIB.DLL
0x00007fffb56f0000 - 0x00007fffb570a000 	C:\Program Files\Android\Android Studio\jre\jre\bin\net.dll
0x00007fffc0f50000 - 0x00007fffc0fb6000 	C:\WINDOWS\system32\mswsock.dll
0x00007fffb3cb0000 - 0x00007fffb3cc1000 	C:\Program Files\Android\Android Studio\jre\jre\bin\nio.dll
0x00007fffbb2b0000 - 0x00007fffbb2ce000 	C:\Users\Sam\.gradle\native\25\windows-amd64\native-platform.dll
0x00007fffbe1f0000 - 0x00007fffbe1fd000 	C:\Program Files\Android\Android Studio\jre\jre\bin\management.dll
0x00007fffc1110000 - 0x00007fffc1127000 	C:\WINDOWS\SYSTEM32\CRYPTSP.dll
0x00007fffc0b30000 - 0x00007fffc0b63000 	C:\WINDOWS\system32\rsaenh.dll
0x00007fffc1230000 - 0x00007fffc1255000 	C:\WINDOWS\SYSTEM32\bcrypt.dll
0x00007fffc1660000 - 0x00007fffc1688000 	C:\WINDOWS\SYSTEM32\USERENV.dll
0x00007fffc1100000 - 0x00007fffc110b000 	C:\WINDOWS\SYSTEM32\CRYPTBASE.dll
0x00007fffc0cd0000 - 0x00007fffc0d08000 	C:\WINDOWS\SYSTEM32\IPHLPAPI.DLL
0x00007fffc3dc0000 - 0x00007fffc3dc8000 	C:\WINDOWS\System32\NSI.dll
0x00007fffbce80000 - 0x00007fffbce96000 	C:\WINDOWS\SYSTEM32\dhcpcsvc6.DLL
0x00007fffbce60000 - 0x00007fffbce7a000 	C:\WINDOWS\SYSTEM32\dhcpcsvc.DLL

VM Arguments:
jvm_args: -Xmx1536m -Dfile.encoding=windows-1252 -Duser.country=GB -Duser.language=en -Duser.variant 
java_command: org.gradle.launcher.daemon.bootstrap.GradleDaemon 4.10.1
java_class_path (initial): C:\Users\Sam\.gradle\wrapper\dists\gradle-4.10.1-all\455itskqi2qtf0v2sja68alqd\gradle-4.10.1\lib\gradle-launcher-4.10.1.jar
Launcher Type: SUN_STANDARD

Environment Variables:
JAVA_HOME=C:\Program Files\Java\jdk1.8.0_112
PATH=C:\ProgramData\Oracle\Java\javapath;C:\Program Files (x86)\Intel\iCLS Client\;C:\Program Files\Intel\iCLS Client\;C:\Windows\system32;C:\Windows;C:\Windows\System32\Wbem;C:\Windows\System32\WindowsPowerShell\v1.0\;C:\Users\Sam\AppData\Local\Microsoft\WindowsApps;C:\adb;C:\Program Files (x86)\IBM\SPSS\Statistics\23\JRE\bin;C:\Program Files (x86)\Intel\Intel(R) Management Engine Components\DAL;C:\Program Files\Intel\Intel(R) Management Engine Components\DAL;C:\Program Files (x86)\Intel\Intel(R) Management Engine Components\IPT;C:\Program Files\Intel\Intel(R) Management Engine Components\IPT;C:\WINDOWS\system32;C:\WINDOWS;C:\WINDOWS\System32\Wbem;C:\WINDOWS\System32\WindowsPowerShell\v1.0\;C:\Program Files\MATLAB\R2018a\bin;C:\WINDOWS\System32\OpenSSH\;C:\Program Files\NVIDIA Corporation\NVIDIA NvDLISR;C:\Program Files (x86)\NVIDIA Corporation\PhysX\Common;C:\Program Files\Git\cmd;C:\Program Files\PuTTY\;C:\Program Files\apache-maven-3.6.0\bin;C:\Users\Sam\AppData\Local\GitHubDesktop\bin
USERNAME=Sam
OS=Windows_NT
PROCESSOR_IDENTIFIER=Intel64 Family 6 Model 94 Stepping 3, GenuineIntel



---------------  S Y S T E M  ---------------

OS: Windows 10.0 , 64 bit Build 17134 (10.0.17134.648)

CPU:total 4 (initial active 4) (4 cores per cpu, 1 threads per core) family 6 model 94 stepping 3, cmov, cx8, fxsr, mmx, sse, sse2, sse3, ssse3, sse4.1, sse4.2, popcnt, avx, avx2, aes, clmul, erms, rtm, 3dnowpref, lzcnt, tsc, tscinvbit, bmi1, bmi2, adx

Memory: 4k page, physical 16736252k(5532476k free), swap 16736252k(5748k free)

vm_info: OpenJDK 64-Bit Server VM (25.152-b01) for windows-amd64 JRE (1.8.0_152-release-1248-b01), built by "builder" with MS VC++ 10.0 (VS2010)

time: Fri Mar 22 18:48:51 2019
elapsed time: 7 seconds (0d 0h 0m 7s)

